{"/home/kautsar/Documents/portfolio/Movie/Movie-API/services/movie/src/index.js": {"path":"/home/kautsar/Documents/portfolio/Movie/Movie-API/services/movie/src/index.js","statementMap":{"0":{"start":{"line":3,"column":19},"end":{"line":3,"column":28}},"1":{"start":{"line":5,"column":0},"end":{"line":5,"column":15}}},"fnMap":{},"branchMap":{},"s":{"0":1,"1":1},"f":{},"b":{},"_coverageSchema":"1a1c01bbd47fc00a2c39e90264f33305004495a9","hash":"6d04bdf260af9a6708d92f714d41656b5d213b2e"}
,"/home/kautsar/Documents/portfolio/Movie/Movie-API/services/movie/src/controllers/index.js": {"path":"/home/kautsar/Documents/portfolio/Movie/Movie-API/services/movie/src/controllers/index.js","statementMap":{"0":{"start":{"line":3,"column":15},"end":{"line":10,"column":1}},"1":{"start":{"line":4,"column":4},"end":{"line":9,"column":5}},"2":{"start":{"line":5,"column":21},"end":{"line":5,"column":47}},"3":{"start":{"line":6,"column":8},"end":{"line":6,"column":34}},"4":{"start":{"line":8,"column":8},"end":{"line":8,"column":24}}},"fnMap":{"0":{"name":"(anonymous_0)","decl":{"start":{"line":3,"column":15},"end":{"line":3,"column":16}},"loc":{"start":{"line":3,"column":39},"end":{"line":10,"column":1}},"line":3}},"branchMap":{},"s":{"0":1,"1":1,"2":1,"3":1,"4":0},"f":{"0":1},"b":{},"_coverageSchema":"1a1c01bbd47fc00a2c39e90264f33305004495a9","hash":"405ea12361bd3988d19d958b5bc63c012b591189"}
,"/home/kautsar/Documents/portfolio/Movie/Movie-API/services/movie/src/db/migration/movie.js": {"path":"/home/kautsar/Documents/portfolio/Movie/Movie-API/services/movie/src/db/migration/movie.js","statementMap":{"0":{"start":{"line":2,"column":19},"end":{"line":2,"column":27}},"1":{"start":{"line":4,"column":19},"end":{"line":35,"column":2}},"2":{"start":{"line":37,"column":14},"end":{"line":37,"column":48}}},"fnMap":{},"branchMap":{},"s":{"0":1,"1":1,"2":1},"f":{},"b":{},"_coverageSchema":"1a1c01bbd47fc00a2c39e90264f33305004495a9","hash":"c4a87ca3a7e41e0b3a6cd08d1fc4e8428ffdf0f0"}
,"/home/kautsar/Documents/portfolio/Movie/Movie-API/services/movie/src/db/model/movie.js": {"path":"/home/kautsar/Documents/portfolio/Movie/Movie-API/services/movie/src/db/model/movie.js","statementMap":{"0":{"start":{"line":5,"column":8},"end":{"line":14,"column":9}},"1":{"start":{"line":6,"column":25},"end":{"line":6,"column":43}},"2":{"start":{"line":7,"column":12},"end":{"line":7,"column":23}},"3":{"start":{"line":9,"column":12},"end":{"line":9,"column":41}},"4":{"start":{"line":10,"column":12},"end":{"line":13,"column":13}}},"fnMap":{"0":{"name":"(anonymous_0)","decl":{"start":{"line":4,"column":4},"end":{"line":4,"column":5}},"loc":{"start":{"line":4,"column":26},"end":{"line":15,"column":5}},"line":4}},"branchMap":{},"s":{"0":1,"1":1,"2":1,"3":0,"4":0},"f":{"0":1},"b":{},"_coverageSchema":"1a1c01bbd47fc00a2c39e90264f33305004495a9","hash":"2952c4de103b0d401c866e640eecabf682ac28b1"}
,"/home/kautsar/Documents/portfolio/Movie/Movie-API/services/movie/src/routers/index.js": {"path":"/home/kautsar/Documents/portfolio/Movie/Movie-API/services/movie/src/routers/index.js","statementMap":{"0":{"start":{"line":3,"column":15},"end":{"line":3,"column":31}},"1":{"start":{"line":5,"column":0},"end":{"line":5,"column":23}}},"fnMap":{},"branchMap":{},"s":{"0":1,"1":1},"f":{},"b":{},"_coverageSchema":"1a1c01bbd47fc00a2c39e90264f33305004495a9","hash":"16c2c229079d030c72ccde7f9630a5789c41e46b"}
}
