{"/home/kautsar/Documents/portfolio/Movie/Movie-API/services/movie/src/index.js": {"path":"/home/kautsar/Documents/portfolio/Movie/Movie-API/services/movie/src/index.js","statementMap":{"0":{"start":{"line":4,"column":19},"end":{"line":4,"column":28}},"1":{"start":{"line":6,"column":0},"end":{"line":6,"column":25}},"2":{"start":{"line":7,"column":0},"end":{"line":7,"column":46}},"3":{"start":{"line":8,"column":0},"end":{"line":8,"column":15}}},"fnMap":{},"branchMap":{},"s":{"0":1,"1":1,"2":1,"3":1},"f":{},"b":{},"_coverageSchema":"1a1c01bbd47fc00a2c39e90264f33305004495a9","hash":"d69ca0d33ccf76f4f4ba66fa532b6c92c22d82a0"}
,"/home/kautsar/Documents/portfolio/Movie/Movie-API/services/movie/src/controllers/index.js": {"path":"/home/kautsar/Documents/portfolio/Movie/Movie-API/services/movie/src/controllers/index.js","statementMap":{"0":{"start":{"line":4,"column":15},"end":{"line":11,"column":1}},"1":{"start":{"line":5,"column":4},"end":{"line":10,"column":5}},"2":{"start":{"line":6,"column":21},"end":{"line":6,"column":47}},"3":{"start":{"line":7,"column":8},"end":{"line":7,"column":34}},"4":{"start":{"line":9,"column":8},"end":{"line":9,"column":24}},"5":{"start":{"line":13,"column":19},"end":{"line":45,"column":1}},"6":{"start":{"line":20,"column":8},"end":{"line":20,"column":16}},"7":{"start":{"line":21,"column":36},"end":{"line":21,"column":44}},"8":{"start":{"line":23,"column":18},"end":{"line":26,"column":5}},"9":{"start":{"line":28,"column":21},"end":{"line":28,"column":38}},"10":{"start":{"line":30,"column":20},"end":{"line":38,"column":5}},"11":{"start":{"line":39,"column":4},"end":{"line":44,"column":5}},"12":{"start":{"line":40,"column":24},"end":{"line":40,"column":62}},"13":{"start":{"line":41,"column":8},"end":{"line":41,"column":67}},"14":{"start":{"line":43,"column":8},"end":{"line":43,"column":24}},"15":{"start":{"line":47,"column":18},"end":{"line":70,"column":1}},"16":{"start":{"line":48,"column":19},"end":{"line":48,"column":29}},"17":{"start":{"line":55,"column":8},"end":{"line":55,"column":16}},"18":{"start":{"line":57,"column":21},"end":{"line":57,"column":38}},"19":{"start":{"line":59,"column":20},"end":{"line":67,"column":5}},"20":{"start":{"line":68,"column":20},"end":{"line":68,"column":59}},"21":{"start":{"line":69,"column":4},"end":{"line":69,"column":67}},"22":{"start":{"line":72,"column":13},"end":{"line":81,"column":1}},"23":{"start":{"line":73,"column":19},"end":{"line":73,"column":29}},"24":{"start":{"line":74,"column":33},"end":{"line":74,"column":41}},"25":{"start":{"line":75,"column":4},"end":{"line":80,"column":5}},"26":{"start":{"line":76,"column":8},"end":{"line":76,"column":50}},"27":{"start":{"line":77,"column":8},"end":{"line":77,"column":39}},"28":{"start":{"line":79,"column":8},"end":{"line":79,"column":24}},"29":{"start":{"line":83,"column":16},"end":{"line":91,"column":1}},"30":{"start":{"line":84,"column":19},"end":{"line":84,"column":29}},"31":{"start":{"line":85,"column":4},"end":{"line":90,"column":5}},"32":{"start":{"line":86,"column":27},"end":{"line":86,"column":55}},"33":{"start":{"line":87,"column":8},"end":{"line":87,"column":51}},"34":{"start":{"line":93,"column":18},"end":{"line":109,"column":1}},"35":{"start":{"line":94,"column":19},"end":{"line":94,"column":29}},"36":{"start":{"line":95,"column":4},"end":{"line":108,"column":5}},"37":{"start":{"line":96,"column":22},"end":{"line":96,"column":52}},"38":{"start":{"line":97,"column":8},"end":{"line":99,"column":10}},"39":{"start":{"line":98,"column":12},"end":{"line":98,"column":40}},"40":{"start":{"line":100,"column":8},"end":{"line":102,"column":10}},"41":{"start":{"line":101,"column":12},"end":{"line":101,"column":57}},"42":{"start":{"line":103,"column":8},"end":{"line":105,"column":10}},"43":{"start":{"line":104,"column":12},"end":{"line":104,"column":21}},"44":{"start":{"line":107,"column":8},"end":{"line":107,"column":24}}},"fnMap":{"0":{"name":"(anonymous_0)","decl":{"start":{"line":4,"column":15},"end":{"line":4,"column":16}},"loc":{"start":{"line":4,"column":41},"end":{"line":11,"column":1}},"line":4},"1":{"name":"(anonymous_1)","decl":{"start":{"line":13,"column":19},"end":{"line":13,"column":20}},"loc":{"start":{"line":13,"column":45},"end":{"line":45,"column":1}},"line":13},"2":{"name":"(anonymous_2)","decl":{"start":{"line":47,"column":18},"end":{"line":47,"column":19}},"loc":{"start":{"line":47,"column":42},"end":{"line":70,"column":1}},"line":47},"3":{"name":"(anonymous_3)","decl":{"start":{"line":72,"column":13},"end":{"line":72,"column":14}},"loc":{"start":{"line":72,"column":39},"end":{"line":81,"column":1}},"line":72},"4":{"name":"(anonymous_4)","decl":{"start":{"line":83,"column":16},"end":{"line":83,"column":17}},"loc":{"start":{"line":83,"column":40},"end":{"line":91,"column":1}},"line":83},"5":{"name":"(anonymous_5)","decl":{"start":{"line":93,"column":18},"end":{"line":93,"column":19}},"loc":{"start":{"line":93,"column":42},"end":{"line":109,"column":1}},"line":93},"6":{"name":"(anonymous_6)","decl":{"start":{"line":97,"column":25},"end":{"line":97,"column":26}},"loc":{"start":{"line":97,"column":33},"end":{"line":99,"column":9}},"line":97},"7":{"name":"(anonymous_7)","decl":{"start":{"line":100,"column":24},"end":{"line":100,"column":25}},"loc":{"start":{"line":100,"column":31},"end":{"line":102,"column":9}},"line":100},"8":{"name":"(anonymous_8)","decl":{"start":{"line":103,"column":24},"end":{"line":103,"column":25}},"loc":{"start":{"line":103,"column":30},"end":{"line":105,"column":9}},"line":103}},"branchMap":{},"s":{"0":1,"1":1,"2":1,"3":1,"4":0,"5":1,"6":1,"7":1,"8":0,"9":0,"10":0,"11":0,"12":0,"13":0,"14":0,"15":1,"16":0,"17":0,"18":0,"19":0,"20":0,"21":0,"22":1,"23":0,"24":0,"25":0,"26":0,"27":0,"28":0,"29":1,"30":0,"31":0,"32":0,"33":0,"34":1,"35":0,"36":0,"37":0,"38":0,"39":0,"40":0,"41":0,"42":0,"43":0,"44":0},"f":{"0":1,"1":1,"2":0,"3":0,"4":0,"5":0,"6":0,"7":0,"8":0},"b":{},"_coverageSchema":"1a1c01bbd47fc00a2c39e90264f33305004495a9","hash":"0c4bf7f5183d77246af3493d33cf6567046cec79"}
,"/home/kautsar/Documents/portfolio/Movie/Movie-API/services/movie/src/db/migration/file_chunk.js": {"path":"/home/kautsar/Documents/portfolio/Movie/Movie-API/services/movie/src/db/migration/file_chunk.js","statementMap":{"0":{"start":{"line":2,"column":19},"end":{"line":2,"column":27}},"1":{"start":{"line":4,"column":15},"end":{"line":14,"column":2}},"2":{"start":{"line":16,"column":14},"end":{"line":16,"column":52}}},"fnMap":{},"branchMap":{},"s":{"0":1,"1":1,"2":1},"f":{},"b":{},"_coverageSchema":"1a1c01bbd47fc00a2c39e90264f33305004495a9","hash":"a32e6660f91612783a929c4229f74856de76eb1c"}
,"/home/kautsar/Documents/portfolio/Movie/Movie-API/services/movie/src/db/migration/files.js": {"path":"/home/kautsar/Documents/portfolio/Movie/Movie-API/services/movie/src/db/migration/files.js","statementMap":{"0":{"start":{"line":2,"column":19},"end":{"line":2,"column":27}},"1":{"start":{"line":4,"column":18},"end":{"line":24,"column":2}},"2":{"start":{"line":26,"column":13},"end":{"line":26,"column":53}}},"fnMap":{},"branchMap":{},"s":{"0":1,"1":1,"2":1},"f":{},"b":{},"_coverageSchema":"1a1c01bbd47fc00a2c39e90264f33305004495a9","hash":"d219b5fbe1799c7411049809a508dddafca29a4c"}
,"/home/kautsar/Documents/portfolio/Movie/Movie-API/services/movie/src/db/migration/index.js": {"path":"/home/kautsar/Documents/portfolio/Movie/Movie-API/services/movie/src/db/migration/index.js","statementMap":{},"fnMap":{},"branchMap":{},"s":{},"f":{},"b":{},"_coverageSchema":"1a1c01bbd47fc00a2c39e90264f33305004495a9","hash":"4f9f7b684aa380447f4c8afd59b3118eee4f4e22"}
,"/home/kautsar/Documents/portfolio/Movie/Movie-API/services/movie/src/db/migration/movie.js": {"path":"/home/kautsar/Documents/portfolio/Movie/Movie-API/services/movie/src/db/migration/movie.js","statementMap":{"0":{"start":{"line":2,"column":19},"end":{"line":2,"column":27}},"1":{"start":{"line":4,"column":19},"end":{"line":37,"column":2}},"2":{"start":{"line":39,"column":14},"end":{"line":39,"column":49}}},"fnMap":{},"branchMap":{},"s":{"0":1,"1":1,"2":1},"f":{},"b":{},"_coverageSchema":"1a1c01bbd47fc00a2c39e90264f33305004495a9","hash":"48b089f18817ac48a8889ca02ab9378a7620183a"}
,"/home/kautsar/Documents/portfolio/Movie/Movie-API/services/movie/src/db/model/movie.js": {"path":"/home/kautsar/Documents/portfolio/Movie/Movie-API/services/movie/src/db/model/movie.js","statementMap":{"0":{"start":{"line":6,"column":8},"end":{"line":14,"column":9}},"1":{"start":{"line":7,"column":25},"end":{"line":7,"column":45}},"2":{"start":{"line":8,"column":12},"end":{"line":8,"column":23}},"3":{"start":{"line":10,"column":12},"end":{"line":13,"column":13}},"4":{"start":{"line":18,"column":8},"end":{"line":38,"column":9}},"5":{"start":{"line":19,"column":25},"end":{"line":22,"column":14}},"6":{"start":{"line":23,"column":12},"end":{"line":29,"column":13}},"7":{"start":{"line":25,"column":16},"end":{"line":28,"column":17}},"8":{"start":{"line":30,"column":35},"end":{"line":33,"column":13}},"9":{"start":{"line":34,"column":28},"end":{"line":34,"column":62}},"10":{"start":{"line":35,"column":12},"end":{"line":35,"column":26}},"11":{"start":{"line":37,"column":12},"end":{"line":37,"column":21}},"12":{"start":{"line":42,"column":8},"end":{"line":47,"column":9}},"13":{"start":{"line":43,"column":28},"end":{"line":43,"column":89}},"14":{"start":{"line":44,"column":12},"end":{"line":44,"column":26}},"15":{"start":{"line":46,"column":12},"end":{"line":46,"column":28}},"16":{"start":{"line":51,"column":8},"end":{"line":68,"column":9}},"17":{"start":{"line":52,"column":26},"end":{"line":52,"column":66}},"18":{"start":{"line":53,"column":12},"end":{"line":58,"column":13}},"19":{"start":{"line":54,"column":16},"end":{"line":57,"column":17}},"20":{"start":{"line":60,"column":12},"end":{"line":62,"column":14}},"21":{"start":{"line":63,"column":28},"end":{"line":65,"column":14}},"22":{"start":{"line":67,"column":12},"end":{"line":67,"column":28}},"23":{"start":{"line":72,"column":8},"end":{"line":77,"column":9}},"24":{"start":{"line":73,"column":26},"end":{"line":73,"column":65}},"25":{"start":{"line":74,"column":12},"end":{"line":74,"column":71}},"26":{"start":{"line":76,"column":12},"end":{"line":76,"column":28}},"27":{"start":{"line":81,"column":8},"end":{"line":93,"column":9}},"28":{"start":{"line":82,"column":26},"end":{"line":82,"column":56}},"29":{"start":{"line":83,"column":12},"end":{"line":88,"column":13}},"30":{"start":{"line":84,"column":16},"end":{"line":87,"column":17}},"31":{"start":{"line":89,"column":26},"end":{"line":89,"column":65}},"32":{"start":{"line":90,"column":12},"end":{"line":90,"column":24}},"33":{"start":{"line":92,"column":12},"end":{"line":92,"column":28}}},"fnMap":{"0":{"name":"(anonymous_0)","decl":{"start":{"line":5,"column":4},"end":{"line":5,"column":5}},"loc":{"start":{"line":5,"column":26},"end":{"line":15,"column":5}},"line":5},"1":{"name":"(anonymous_1)","decl":{"start":{"line":17,"column":4},"end":{"line":17,"column":5}},"loc":{"start":{"line":17,"column":38},"end":{"line":39,"column":5}},"line":17},"2":{"name":"(anonymous_2)","decl":{"start":{"line":41,"column":4},"end":{"line":41,"column":5}},"loc":{"start":{"line":41,"column":39},"end":{"line":48,"column":5}},"line":41},"3":{"name":"(anonymous_3)","decl":{"start":{"line":50,"column":4},"end":{"line":50,"column":5}},"loc":{"start":{"line":50,"column":48},"end":{"line":69,"column":5}},"line":50},"4":{"name":"(anonymous_4)","decl":{"start":{"line":71,"column":4},"end":{"line":71,"column":5}},"loc":{"start":{"line":71,"column":28},"end":{"line":78,"column":5}},"line":71},"5":{"name":"(anonymous_5)","decl":{"start":{"line":80,"column":4},"end":{"line":80,"column":5}},"loc":{"start":{"line":80,"column":30},"end":{"line":94,"column":5}},"line":80}},"branchMap":{"0":{"loc":{"start":{"line":23,"column":12},"end":{"line":29,"column":13}},"type":"if","locations":[{"start":{"line":23,"column":12},"end":{"line":29,"column":13}},{"start":{},"end":{}}],"line":23},"1":{"loc":{"start":{"line":53,"column":12},"end":{"line":58,"column":13}},"type":"if","locations":[{"start":{"line":53,"column":12},"end":{"line":58,"column":13}},{"start":{},"end":{}}],"line":53},"2":{"loc":{"start":{"line":83,"column":12},"end":{"line":88,"column":13}},"type":"if","locations":[{"start":{"line":83,"column":12},"end":{"line":88,"column":13}},{"start":{},"end":{}}],"line":83}},"s":{"0":1,"1":1,"2":1,"3":0,"4":0,"5":0,"6":0,"7":0,"8":0,"9":0,"10":0,"11":0,"12":0,"13":0,"14":0,"15":0,"16":0,"17":0,"18":0,"19":0,"20":0,"21":0,"22":0,"23":0,"24":0,"25":0,"26":0,"27":0,"28":0,"29":0,"30":0,"31":0,"32":0,"33":0},"f":{"0":1,"1":0,"2":0,"3":0,"4":0,"5":0},"b":{"0":[0,0],"1":[0,0],"2":[0,0]},"_coverageSchema":"1a1c01bbd47fc00a2c39e90264f33305004495a9","hash":"52aadbc5646d82d448459ea2ef4d1485ec322fd2"}
,"/home/kautsar/Documents/portfolio/Movie/Movie-API/services/movie/src/helper/coma.js": {"path":"/home/kautsar/Documents/portfolio/Movie/Movie-API/services/movie/src/helper/coma.js","statementMap":{"0":{"start":{"line":1,"column":13},"end":{"line":16,"column":1}},"1":{"start":{"line":2,"column":19},"end":{"line":2,"column":21}},"2":{"start":{"line":3,"column":17},"end":{"line":3,"column":19}},"3":{"start":{"line":4,"column":4},"end":{"line":14,"column":5}},"4":{"start":{"line":4,"column":17},"end":{"line":4,"column":18}},"5":{"start":{"line":5,"column":8},"end":{"line":13,"column":9}},"6":{"start":{"line":6,"column":12},"end":{"line":6,"column":33}},"7":{"start":{"line":7,"column":12},"end":{"line":7,"column":23}},"8":{"start":{"line":8,"column":15},"end":{"line":13,"column":9}},"9":{"start":{"line":9,"column":12},"end":{"line":9,"column":32}},"10":{"start":{"line":10,"column":12},"end":{"line":10,"column":33}},"11":{"start":{"line":12,"column":12},"end":{"line":12,"column":32}},"12":{"start":{"line":15,"column":4},"end":{"line":15,"column":19}}},"fnMap":{"0":{"name":"(anonymous_0)","decl":{"start":{"line":1,"column":13},"end":{"line":1,"column":14}},"loc":{"start":{"line":1,"column":26},"end":{"line":16,"column":1}},"line":1}},"branchMap":{"0":{"loc":{"start":{"line":5,"column":8},"end":{"line":13,"column":9}},"type":"if","locations":[{"start":{"line":5,"column":8},"end":{"line":13,"column":9}},{"start":{"line":8,"column":15},"end":{"line":13,"column":9}}],"line":5},"1":{"loc":{"start":{"line":8,"column":15},"end":{"line":13,"column":9}},"type":"if","locations":[{"start":{"line":8,"column":15},"end":{"line":13,"column":9}},{"start":{"line":11,"column":15},"end":{"line":13,"column":9}}],"line":8}},"s":{"0":1,"1":0,"2":0,"3":0,"4":0,"5":0,"6":0,"7":0,"8":0,"9":0,"10":0,"11":0,"12":0},"f":{"0":0},"b":{"0":[0,0],"1":[0,0]},"_coverageSchema":"1a1c01bbd47fc00a2c39e90264f33305004495a9","hash":"a15581e8b6d8a4221e91ccf6bc92e2062f4db763"}
,"/home/kautsar/Documents/portfolio/Movie/Movie-API/services/movie/src/helper/getImage.js": {"path":"/home/kautsar/Documents/portfolio/Movie/Movie-API/services/movie/src/helper/getImage.js","statementMap":{"0":{"start":{"line":3,"column":24},"end":{"line":12,"column":1}},"1":{"start":{"line":4,"column":19},"end":{"line":8,"column":5}},"2":{"start":{"line":10,"column":16},"end":{"line":10,"column":51}},"3":{"start":{"line":11,"column":4},"end":{"line":11,"column":16}}},"fnMap":{"0":{"name":"(anonymous_0)","decl":{"start":{"line":3,"column":24},"end":{"line":3,"column":25}},"loc":{"start":{"line":3,"column":38},"end":{"line":12,"column":1}},"line":3}},"branchMap":{},"s":{"0":1,"1":0,"2":0,"3":0},"f":{"0":0},"b":{},"_coverageSchema":"1a1c01bbd47fc00a2c39e90264f33305004495a9","hash":"f717a97a4b3618895fbcdc3438af23f0cea802bc"}
,"/home/kautsar/Documents/portfolio/Movie/Movie-API/services/movie/src/middlewares/multer.js": {"path":"/home/kautsar/Documents/portfolio/Movie/Movie-API/services/movie/src/middlewares/multer.js","statementMap":{"0":{"start":{"line":3,"column":12},"end":{"line":3,"column":49}},"1":{"start":{"line":5,"column":16},"end":{"line":21,"column":2}},"2":{"start":{"line":9,"column":22},"end":{"line":9,"column":49}},"3":{"start":{"line":11,"column":8},"end":{"line":14,"column":9}},"4":{"start":{"line":12,"column":29},"end":{"line":12,"column":65}},"5":{"start":{"line":13,"column":12},"end":{"line":13,"column":28}},"6":{"start":{"line":16,"column":8},"end":{"line":19,"column":10}},"7":{"start":{"line":23,"column":22},"end":{"line":23,"column":50}}},"fnMap":{"0":{"name":"(anonymous_0)","decl":{"start":{"line":8,"column":10},"end":{"line":8,"column":11}},"loc":{"start":{"line":8,"column":25},"end":{"line":20,"column":5}},"line":8}},"branchMap":{"0":{"loc":{"start":{"line":11,"column":8},"end":{"line":14,"column":9}},"type":"if","locations":[{"start":{"line":11,"column":8},"end":{"line":14,"column":9}},{"start":{},"end":{}}],"line":11}},"s":{"0":1,"1":1,"2":0,"3":0,"4":0,"5":0,"6":0,"7":1},"f":{"0":0},"b":{"0":[0,0]},"_coverageSchema":"1a1c01bbd47fc00a2c39e90264f33305004495a9","hash":"93a468c7d7d2319c1a03c896d2692548baa6435f"}
,"/home/kautsar/Documents/portfolio/Movie/Movie-API/services/movie/src/routers/index.js": {"path":"/home/kautsar/Documents/portfolio/Movie/Movie-API/services/movie/src/routers/index.js","statementMap":{"0":{"start":{"line":11,"column":15},"end":{"line":11,"column":31}},"1":{"start":{"line":13,"column":0},"end":{"line":13,"column":23}},"2":{"start":{"line":14,"column":0},"end":{"line":14,"column":52}},"3":{"start":{"line":15,"column":0},"end":{"line":15,"column":31}},"4":{"start":{"line":16,"column":0},"end":{"line":16,"column":31}},"5":{"start":{"line":17,"column":0},"end":{"line":17,"column":30}},"6":{"start":{"line":18,"column":0},"end":{"line":18,"column":29}}},"fnMap":{},"branchMap":{},"s":{"0":1,"1":1,"2":1,"3":1,"4":1,"5":1,"6":1},"f":{},"b":{},"_coverageSchema":"1a1c01bbd47fc00a2c39e90264f33305004495a9","hash":"01dbd68dd6c38e79d653dae4f121775b7708ce96"}
}
