{"/home/kautsar/Documents/portfolio/Movie/Movie-API/services/user/src/index.js": {"path":"/home/kautsar/Documents/portfolio/Movie/Movie-API/services/user/src/index.js","statementMap":{"0":{"start":{"line":4,"column":0},"end":{"line":4,"column":15}},"1":{"start":{"line":5,"column":19},"end":{"line":5,"column":28}},"2":{"start":{"line":7,"column":0},"end":{"line":7,"column":45}},"3":{"start":{"line":8,"column":0},"end":{"line":8,"column":23}},"4":{"start":{"line":9,"column":0},"end":{"line":9,"column":15}}},"fnMap":{},"branchMap":{},"s":{"0":2,"1":2,"2":2,"3":2,"4":2},"f":{},"b":{},"_coverageSchema":"1a1c01bbd47fc00a2c39e90264f33305004495a9","hash":"f5dd3a72336439ca2c222b4769c89f36fae85ee6"}
,"/home/kautsar/Documents/portfolio/Movie/Movie-API/services/user/src/controllers/loginController.js": {"path":"/home/kautsar/Documents/portfolio/Movie/Movie-API/services/user/src/controllers/loginController.js","statementMap":{"0":{"start":{"line":1,"column":31},"end":{"line":3,"column":1}},"1":{"start":{"line":2,"column":4},"end":{"line":2,"column":21}}},"fnMap":{"0":{"name":"(anonymous_0)","decl":{"start":{"line":1,"column":31},"end":{"line":1,"column":32}},"loc":{"start":{"line":1,"column":49},"end":{"line":3,"column":1}},"line":1}},"branchMap":{},"s":{"0":2,"1":1},"f":{"0":1},"b":{},"_coverageSchema":"1a1c01bbd47fc00a2c39e90264f33305004495a9","hash":"a91f604f2f57fcff6dd5d9ba03ba6d969059700b"}
,"/home/kautsar/Documents/portfolio/Movie/Movie-API/services/user/src/controllers/userController.js": {"path":"/home/kautsar/Documents/portfolio/Movie/Movie-API/services/user/src/controllers/userController.js","statementMap":{"0":{"start":{"line":3,"column":19},"end":{"line":10,"column":1}},"1":{"start":{"line":4,"column":4},"end":{"line":9,"column":5}},"2":{"start":{"line":5,"column":21},"end":{"line":5,"column":42}},"3":{"start":{"line":6,"column":8},"end":{"line":6,"column":39}},"4":{"start":{"line":8,"column":8},"end":{"line":8,"column":24}},"5":{"start":{"line":12,"column":19},"end":{"line":20,"column":1}},"6":{"start":{"line":13,"column":20},"end":{"line":13,"column":28}},"7":{"start":{"line":14,"column":4},"end":{"line":19,"column":5}},"8":{"start":{"line":15,"column":21},"end":{"line":15,"column":52}},"9":{"start":{"line":16,"column":8},"end":{"line":16,"column":69}},"10":{"start":{"line":18,"column":8},"end":{"line":18,"column":28}}},"fnMap":{"0":{"name":"(anonymous_0)","decl":{"start":{"line":3,"column":19},"end":{"line":3,"column":20}},"loc":{"start":{"line":3,"column":43},"end":{"line":10,"column":1}},"line":3},"1":{"name":"(anonymous_1)","decl":{"start":{"line":12,"column":19},"end":{"line":12,"column":20}},"loc":{"start":{"line":12,"column":43},"end":{"line":20,"column":1}},"line":12}},"branchMap":{},"s":{"0":2,"1":1,"2":1,"3":1,"4":0,"5":2,"6":2,"7":2,"8":2,"9":1,"10":1},"f":{"0":1,"1":2},"b":{},"_coverageSchema":"1a1c01bbd47fc00a2c39e90264f33305004495a9","hash":"46cdf2e84c1917e9035a6b84f6e72f73a16bde22"}
,"/home/kautsar/Documents/portfolio/Movie/Movie-API/services/user/src/db/config/connection.js": {"path":"/home/kautsar/Documents/portfolio/Movie/Movie-API/services/user/src/db/config/connection.js","statementMap":{"0":{"start":{"line":3,"column":0},"end":{"line":3,"column":15}},"1":{"start":{"line":4,"column":19},"end":{"line":4,"column":22}},"2":{"start":{"line":6,"column":15},"end":{"line":12,"column":1}},"3":{"start":{"line":14,"column":15},"end":{"line":14,"column":33}},"4":{"start":{"line":16,"column":0},"end":{"line":16,"column":16}}},"fnMap":{},"branchMap":{},"s":{"0":2,"1":2,"2":2,"3":2,"4":2},"f":{},"b":{},"_coverageSchema":"1a1c01bbd47fc00a2c39e90264f33305004495a9","hash":"d00ac661b841098b884814d46363e6f7e9e85197"}
,"/home/kautsar/Documents/portfolio/Movie/Movie-API/services/user/src/db/migration/migrate.js": {"path":"/home/kautsar/Documents/portfolio/Movie/Movie-API/services/user/src/db/migration/migrate.js","statementMap":{"0":{"start":{"line":3,"column":16},"end":{"line":32,"column":1}},"1":{"start":{"line":4,"column":23},"end":{"line":14,"column":5}},"2":{"start":{"line":16,"column":23},"end":{"line":24,"column":5}},"3":{"start":{"line":25,"column":4},"end":{"line":31,"column":5}},"4":{"start":{"line":26,"column":22},"end":{"line":26,"column":42}},"5":{"start":{"line":27,"column":22},"end":{"line":27,"column":42}},"6":{"start":{"line":28,"column":8},"end":{"line":28,"column":30}},"7":{"start":{"line":30,"column":8},"end":{"line":30,"column":24}}},"fnMap":{"0":{"name":"(anonymous_0)","decl":{"start":{"line":3,"column":16},"end":{"line":3,"column":17}},"loc":{"start":{"line":3,"column":22},"end":{"line":32,"column":1}},"line":3}},"branchMap":{},"s":{"0":1,"1":1,"2":1,"3":1,"4":1,"5":1,"6":1,"7":0},"f":{"0":1},"b":{},"_coverageSchema":"1a1c01bbd47fc00a2c39e90264f33305004495a9","hash":"fedb662820fd703afa7aa9ed1cb8a772bb34c1d7"}
,"/home/kautsar/Documents/portfolio/Movie/Movie-API/services/user/src/db/model/user.js": {"path":"/home/kautsar/Documents/portfolio/Movie/Movie-API/services/user/src/db/model/user.js","statementMap":{"0":{"start":{"line":7,"column":24},"end":{"line":7,"column":45}},"1":{"start":{"line":8,"column":8},"end":{"line":13,"column":9}},"2":{"start":{"line":9,"column":25},"end":{"line":9,"column":48}},"3":{"start":{"line":10,"column":12},"end":{"line":10,"column":23}},"4":{"start":{"line":12,"column":12},"end":{"line":12,"column":21}},"5":{"start":{"line":24,"column":12},"end":{"line":24,"column":19}},"6":{"start":{"line":26,"column":8},"end":{"line":54,"column":9}},"7":{"start":{"line":27,"column":30},"end":{"line":27,"column":44}},"8":{"start":{"line":29,"column":12},"end":{"line":33,"column":13}},"9":{"start":{"line":30,"column":16},"end":{"line":32,"column":17}},"10":{"start":{"line":35,"column":31},"end":{"line":35,"column":48}},"11":{"start":{"line":36,"column":31},"end":{"line":36,"column":53}},"12":{"start":{"line":37,"column":31},"end":{"line":37,"column":41}},"13":{"start":{"line":39,"column":28},"end":{"line":43,"column":13}},"14":{"start":{"line":45,"column":25},"end":{"line":47,"column":13}},"15":{"start":{"line":49,"column":12},"end":{"line":49,"column":31}},"16":{"start":{"line":52,"column":26},"end":{"line":52,"column":45}},"17":{"start":{"line":53,"column":12},"end":{"line":53,"column":23}}},"fnMap":{"0":{"name":"(anonymous_0)","decl":{"start":{"line":6,"column":4},"end":{"line":6,"column":5}},"loc":{"start":{"line":6,"column":27},"end":{"line":14,"column":5}},"line":6},"1":{"name":"(anonymous_1)","decl":{"start":{"line":16,"column":4},"end":{"line":16,"column":5}},"loc":{"start":{"line":16,"column":37},"end":{"line":56,"column":5}},"line":16}},"branchMap":{"0":{"loc":{"start":{"line":29,"column":12},"end":{"line":33,"column":13}},"type":"if","locations":[{"start":{"line":29,"column":12},"end":{"line":33,"column":13}},{"start":{},"end":{}}],"line":29}},"s":{"0":1,"1":1,"2":1,"3":1,"4":0,"5":2,"6":2,"7":2,"8":2,"9":0,"10":2,"11":2,"12":2,"13":2,"14":2,"15":1,"16":1,"17":0},"f":{"0":1,"1":2},"b":{"0":[0,2]},"_coverageSchema":"1a1c01bbd47fc00a2c39e90264f33305004495a9","hash":"1bc76a0549f53886d1b4bfa7cf1613b71f9e12bc"}
,"/home/kautsar/Documents/portfolio/Movie/Movie-API/services/user/src/db/model/validation/validation.js": {"path":"/home/kautsar/Documents/portfolio/Movie/Movie-API/services/user/src/db/model/validation/validation.js","statementMap":{"0":{"start":{"line":1,"column":16},"end":{"line":4,"column":1}},"1":{"start":{"line":2,"column":15},"end":{"line":2,"column":168}},"2":{"start":{"line":3,"column":4},"end":{"line":3,"column":48}},"3":{"start":{"line":6,"column":23},"end":{"line":13,"column":1}},"4":{"start":{"line":7,"column":4},"end":{"line":9,"column":5}},"5":{"start":{"line":8,"column":8},"end":{"line":8,"column":22}},"6":{"start":{"line":10,"column":4},"end":{"line":12,"column":5}},"7":{"start":{"line":15,"column":23},"end":{"line":25,"column":1}},"8":{"start":{"line":16,"column":4},"end":{"line":24,"column":5}},"9":{"start":{"line":18,"column":12},"end":{"line":23,"column":13}}},"fnMap":{"0":{"name":"(anonymous_0)","decl":{"start":{"line":1,"column":16},"end":{"line":1,"column":17}},"loc":{"start":{"line":1,"column":27},"end":{"line":4,"column":1}},"line":1},"1":{"name":"(anonymous_1)","decl":{"start":{"line":6,"column":23},"end":{"line":6,"column":24}},"loc":{"start":{"line":6,"column":36},"end":{"line":13,"column":1}},"line":6},"2":{"name":"(anonymous_2)","decl":{"start":{"line":15,"column":23},"end":{"line":15,"column":24}},"loc":{"start":{"line":15,"column":32},"end":{"line":25,"column":1}},"line":15}},"branchMap":{"0":{"loc":{"start":{"line":7,"column":4},"end":{"line":9,"column":5}},"type":"if","locations":[{"start":{"line":7,"column":4},"end":{"line":9,"column":5}},{"start":{},"end":{}}],"line":7},"1":{"loc":{"start":{"line":7,"column":8},"end":{"line":7,"column":54}},"type":"binary-expr","locations":[{"start":{"line":7,"column":8},"end":{"line":7,"column":28}},{"start":{"line":7,"column":32},"end":{"line":7,"column":54}}],"line":7},"2":{"loc":{"start":{"line":16,"column":4},"end":{"line":24,"column":5}},"type":"switch","locations":[{"start":{"line":17,"column":8},"end":{"line":23,"column":13}}],"line":16}},"s":{"0":2,"1":2,"2":2,"3":2,"4":2,"5":2,"6":0,"7":2,"8":1,"9":1},"f":{"0":2,"1":2,"2":1},"b":{"0":[2,0],"1":[2,0],"2":[1]},"_coverageSchema":"1a1c01bbd47fc00a2c39e90264f33305004495a9","hash":"7fa78adaf2618bd2d6e20be898a3d8e31c5583b4"}
,"/home/kautsar/Documents/portfolio/Movie/Movie-API/services/user/src/helpers/bcrypt.js": {"path":"/home/kautsar/Documents/portfolio/Movie/Movie-API/services/user/src/helpers/bcrypt.js","statementMap":{"0":{"start":{"line":3,"column":0},"end":{"line":3,"column":15}},"1":{"start":{"line":5,"column":13},"end":{"line":5,"column":29}},"2":{"start":{"line":7,"column":16},"end":{"line":9,"column":1}},"3":{"start":{"line":8,"column":4},"end":{"line":8,"column":45}},"4":{"start":{"line":11,"column":20},"end":{"line":13,"column":1}},"5":{"start":{"line":12,"column":4},"end":{"line":12,"column":39}}},"fnMap":{"0":{"name":"(anonymous_0)","decl":{"start":{"line":7,"column":16},"end":{"line":7,"column":17}},"loc":{"start":{"line":7,"column":26},"end":{"line":9,"column":1}},"line":7},"1":{"name":"(anonymous_1)","decl":{"start":{"line":11,"column":20},"end":{"line":11,"column":21}},"loc":{"start":{"line":11,"column":35},"end":{"line":13,"column":1}},"line":11}},"branchMap":{},"s":{"0":2,"1":2,"2":2,"3":2,"4":2,"5":0},"f":{"0":2,"1":0},"b":{},"_coverageSchema":"1a1c01bbd47fc00a2c39e90264f33305004495a9","hash":"1c3dc7aad2ee3f1c633d8304d26f5e7ee64cc7f3"}
,"/home/kautsar/Documents/portfolio/Movie/Movie-API/services/user/src/middlewares/userErrorHeadler.js": {"path":"/home/kautsar/Documents/portfolio/Movie/Movie-API/services/user/src/middlewares/userErrorHeadler.js","statementMap":{"0":{"start":{"line":1,"column":25},"end":{"line":9,"column":1}},"1":{"start":{"line":2,"column":4},"end":{"line":8,"column":5}},"2":{"start":{"line":4,"column":12},"end":{"line":4,"column":44}},"3":{"start":{"line":5,"column":12},"end":{"line":5,"column":18}},"4":{"start":{"line":7,"column":12},"end":{"line":7,"column":18}}},"fnMap":{"0":{"name":"(anonymous_0)","decl":{"start":{"line":1,"column":25},"end":{"line":1,"column":26}},"loc":{"start":{"line":1,"column":47},"end":{"line":9,"column":1}},"line":1}},"branchMap":{"0":{"loc":{"start":{"line":2,"column":4},"end":{"line":8,"column":5}},"type":"switch","locations":[{"start":{"line":3,"column":8},"end":{"line":5,"column":18}},{"start":{"line":6,"column":8},"end":{"line":7,"column":18}}],"line":2}},"s":{"0":2,"1":1,"2":1,"3":1,"4":0},"f":{"0":1},"b":{"0":[1,0]},"_coverageSchema":"1a1c01bbd47fc00a2c39e90264f33305004495a9","hash":"b9c96dc360ad47c5028c68114103bb8e6c867333"}
,"/home/kautsar/Documents/portfolio/Movie/Movie-API/services/user/src/routes/index.js": {"path":"/home/kautsar/Documents/portfolio/Movie/Movie-API/services/user/src/routes/index.js","statementMap":{"0":{"start":{"line":5,"column":22},"end":{"line":5,"column":38}},"1":{"start":{"line":7,"column":0},"end":{"line":7,"column":31}},"2":{"start":{"line":8,"column":0},"end":{"line":8,"column":32}},"3":{"start":{"line":9,"column":0},"end":{"line":9,"column":28}}},"fnMap":{},"branchMap":{},"s":{"0":2,"1":2,"2":2,"3":2},"f":{},"b":{},"_coverageSchema":"1a1c01bbd47fc00a2c39e90264f33305004495a9","hash":"9384bc9941e5ad004f9fe12aa9ebb2484285e6c3"}
,"/home/kautsar/Documents/portfolio/Movie/Movie-API/services/user/src/routes/login.js": {"path":"/home/kautsar/Documents/portfolio/Movie/Movie-API/services/user/src/routes/login.js","statementMap":{"0":{"start":{"line":4,"column":27},"end":{"line":4,"column":43}},"1":{"start":{"line":6,"column":0},"end":{"line":6,"column":37}}},"fnMap":{},"branchMap":{},"s":{"0":2,"1":2},"f":{},"b":{},"_coverageSchema":"1a1c01bbd47fc00a2c39e90264f33305004495a9","hash":"410145f87909fc8d183344c4bb0414e0c66d1830"}
,"/home/kautsar/Documents/portfolio/Movie/Movie-API/services/user/src/routes/user.js": {"path":"/home/kautsar/Documents/portfolio/Movie/Movie-API/services/user/src/routes/user.js","statementMap":{"0":{"start":{"line":3,"column":26},"end":{"line":3,"column":42}},"1":{"start":{"line":5,"column":0},"end":{"line":5,"column":31}},"2":{"start":{"line":6,"column":0},"end":{"line":6,"column":32}}},"fnMap":{},"branchMap":{},"s":{"0":2,"1":2,"2":2},"f":{},"b":{},"_coverageSchema":"1a1c01bbd47fc00a2c39e90264f33305004495a9","hash":"df28d384a1cb4bbbff56f389ec0e923b99efda72"}
}
