{"/home/kautsar/Documents/portfolio/Movie/Movie-API/services/user/src/index.js": {"path":"/home/kautsar/Documents/portfolio/Movie/Movie-API/services/user/src/index.js","statementMap":{"0":{"start":{"line":5,"column":0},"end":{"line":5,"column":15}},"1":{"start":{"line":6,"column":19},"end":{"line":6,"column":28}},"2":{"start":{"line":8,"column":0},"end":{"line":8,"column":15}},"3":{"start":{"line":9,"column":0},"end":{"line":9,"column":45}},"4":{"start":{"line":10,"column":0},"end":{"line":10,"column":23}},"5":{"start":{"line":11,"column":0},"end":{"line":11,"column":15}}},"fnMap":{},"branchMap":{},"s":{"0":1,"1":1,"2":1,"3":1,"4":1,"5":1},"f":{},"b":{},"_coverageSchema":"1a1c01bbd47fc00a2c39e90264f33305004495a9","hash":"aec3835d5ea1bdec0db8a746bc24e06b4c1e5db6"}
,"/home/kautsar/Documents/portfolio/Movie/Movie-API/services/user/src/controllers/loginController.js": {"path":"/home/kautsar/Documents/portfolio/Movie/Movie-API/services/user/src/controllers/loginController.js","statementMap":{"0":{"start":{"line":5,"column":24},"end":{"line":29,"column":1}},"1":{"start":{"line":6,"column":32},"end":{"line":6,"column":40}},"2":{"start":{"line":7,"column":4},"end":{"line":28,"column":5}},"3":{"start":{"line":8,"column":22},"end":{"line":8,"column":57}},"4":{"start":{"line":9,"column":21},"end":{"line":9,"column":29}},"5":{"start":{"line":10,"column":8},"end":{"line":15,"column":9}},"6":{"start":{"line":11,"column":12},"end":{"line":14,"column":13}},"7":{"start":{"line":16,"column":28},"end":{"line":16,"column":64}},"8":{"start":{"line":17,"column":8},"end":{"line":22,"column":9}},"9":{"start":{"line":18,"column":12},"end":{"line":21,"column":13}},"10":{"start":{"line":23,"column":22},"end":{"line":23,"column":35}},"11":{"start":{"line":24,"column":8},"end":{"line":24,"column":46}},"12":{"start":{"line":25,"column":8},"end":{"line":25,"column":53}},"13":{"start":{"line":27,"column":8},"end":{"line":27,"column":17}},"14":{"start":{"line":31,"column":15},"end":{"line":38,"column":1}},"15":{"start":{"line":32,"column":4},"end":{"line":37,"column":5}},"16":{"start":{"line":33,"column":21},"end":{"line":33,"column":41}},"17":{"start":{"line":34,"column":8},"end":{"line":34,"column":34}},"18":{"start":{"line":36,"column":8},"end":{"line":36,"column":17}},"19":{"start":{"line":40,"column":15},"end":{"line":55,"column":1}},"20":{"start":{"line":41,"column":19},"end":{"line":41,"column":29}},"21":{"start":{"line":42,"column":4},"end":{"line":54,"column":5}},"22":{"start":{"line":43,"column":22},"end":{"line":43,"column":47}},"23":{"start":{"line":44,"column":8},"end":{"line":49,"column":9}},"24":{"start":{"line":45,"column":12},"end":{"line":48,"column":13}},"25":{"start":{"line":50,"column":8},"end":{"line":50,"column":31}},"26":{"start":{"line":51,"column":8},"end":{"line":51,"column":38}},"27":{"start":{"line":53,"column":8},"end":{"line":53,"column":17}}},"fnMap":{"0":{"name":"(anonymous_0)","decl":{"start":{"line":5,"column":24},"end":{"line":5,"column":25}},"loc":{"start":{"line":5,"column":50},"end":{"line":29,"column":1}},"line":5},"1":{"name":"(anonymous_1)","decl":{"start":{"line":31,"column":15},"end":{"line":31,"column":16}},"loc":{"start":{"line":31,"column":41},"end":{"line":38,"column":1}},"line":31},"2":{"name":"(anonymous_2)","decl":{"start":{"line":40,"column":15},"end":{"line":40,"column":16}},"loc":{"start":{"line":40,"column":41},"end":{"line":55,"column":1}},"line":40}},"branchMap":{"0":{"loc":{"start":{"line":10,"column":8},"end":{"line":15,"column":9}},"type":"if","locations":[{"start":{"line":10,"column":8},"end":{"line":15,"column":9}},{"start":{},"end":{}}],"line":10},"1":{"loc":{"start":{"line":17,"column":8},"end":{"line":22,"column":9}},"type":"if","locations":[{"start":{"line":17,"column":8},"end":{"line":22,"column":9}},{"start":{},"end":{}}],"line":17},"2":{"loc":{"start":{"line":44,"column":8},"end":{"line":49,"column":9}},"type":"if","locations":[{"start":{"line":44,"column":8},"end":{"line":49,"column":9}},{"start":{},"end":{}}],"line":44}},"s":{"0":1,"1":3,"2":3,"3":3,"4":3,"5":3,"6":2,"7":1,"8":1,"9":0,"10":1,"11":1,"12":1,"13":2,"14":1,"15":0,"16":0,"17":0,"18":0,"19":1,"20":1,"21":1,"22":1,"23":1,"24":0,"25":1,"26":1,"27":0},"f":{"0":3,"1":0,"2":1},"b":{"0":[2,1],"1":[0,1],"2":[0,1]},"_coverageSchema":"1a1c01bbd47fc00a2c39e90264f33305004495a9","hash":"07bf3fc6afd7d46653c350e56f7ede3522b5d47b"}
,"/home/kautsar/Documents/portfolio/Movie/Movie-API/services/user/src/controllers/userController.js": {"path":"/home/kautsar/Documents/portfolio/Movie/Movie-API/services/user/src/controllers/userController.js","statementMap":{"0":{"start":{"line":4,"column":19},"end":{"line":14,"column":1}},"1":{"start":{"line":5,"column":4},"end":{"line":13,"column":5}},"2":{"start":{"line":6,"column":21},"end":{"line":6,"column":42}},"3":{"start":{"line":7,"column":8},"end":{"line":7,"column":39}},"4":{"start":{"line":9,"column":8},"end":{"line":12,"column":10}},"5":{"start":{"line":16,"column":19},"end":{"line":25,"column":1}},"6":{"start":{"line":17,"column":20},"end":{"line":17,"column":28}},"7":{"start":{"line":18,"column":4},"end":{"line":24,"column":5}},"8":{"start":{"line":19,"column":21},"end":{"line":19,"column":52}},"9":{"start":{"line":21,"column":8},"end":{"line":21,"column":69}},"10":{"start":{"line":23,"column":8},"end":{"line":23,"column":17}},"11":{"start":{"line":27,"column":21},"end":{"line":44,"column":1}},"12":{"start":{"line":28,"column":15},"end":{"line":28,"column":29}},"13":{"start":{"line":29,"column":19},"end":{"line":29,"column":29}},"14":{"start":{"line":30,"column":4},"end":{"line":43,"column":5}},"15":{"start":{"line":31,"column":22},"end":{"line":31,"column":46}},"16":{"start":{"line":32,"column":8},"end":{"line":37,"column":9}},"17":{"start":{"line":33,"column":12},"end":{"line":36,"column":14}},"18":{"start":{"line":38,"column":24},"end":{"line":38,"column":45}},"19":{"start":{"line":39,"column":24},"end":{"line":39,"column":65}},"20":{"start":{"line":40,"column":8},"end":{"line":40,"column":100}},"21":{"start":{"line":42,"column":8},"end":{"line":42,"column":17}},"22":{"start":{"line":46,"column":19},"end":{"line":62,"column":1}},"23":{"start":{"line":47,"column":15},"end":{"line":47,"column":29}},"24":{"start":{"line":48,"column":4},"end":{"line":61,"column":5}},"25":{"start":{"line":49,"column":22},"end":{"line":49,"column":46}},"26":{"start":{"line":50,"column":8},"end":{"line":55,"column":9}},"27":{"start":{"line":51,"column":12},"end":{"line":54,"column":14}},"28":{"start":{"line":56,"column":24},"end":{"line":56,"column":45}},"29":{"start":{"line":57,"column":8},"end":{"line":57,"column":36}},"30":{"start":{"line":58,"column":8},"end":{"line":58,"column":87}},"31":{"start":{"line":60,"column":8},"end":{"line":60,"column":17}}},"fnMap":{"0":{"name":"(anonymous_0)","decl":{"start":{"line":4,"column":19},"end":{"line":4,"column":20}},"loc":{"start":{"line":4,"column":45},"end":{"line":14,"column":1}},"line":4},"1":{"name":"(anonymous_1)","decl":{"start":{"line":16,"column":19},"end":{"line":16,"column":20}},"loc":{"start":{"line":16,"column":45},"end":{"line":25,"column":1}},"line":16},"2":{"name":"(anonymous_2)","decl":{"start":{"line":27,"column":21},"end":{"line":27,"column":22}},"loc":{"start":{"line":27,"column":47},"end":{"line":44,"column":1}},"line":27},"3":{"name":"(anonymous_3)","decl":{"start":{"line":46,"column":19},"end":{"line":46,"column":20}},"loc":{"start":{"line":46,"column":43},"end":{"line":62,"column":1}},"line":46}},"branchMap":{"0":{"loc":{"start":{"line":32,"column":8},"end":{"line":37,"column":9}},"type":"if","locations":[{"start":{"line":32,"column":8},"end":{"line":37,"column":9}},{"start":{},"end":{}}],"line":32},"1":{"loc":{"start":{"line":50,"column":8},"end":{"line":55,"column":9}},"type":"if","locations":[{"start":{"line":50,"column":8},"end":{"line":55,"column":9}},{"start":{},"end":{}}],"line":50}},"s":{"0":1,"1":1,"2":1,"3":1,"4":0,"5":1,"6":5,"7":5,"8":5,"9":2,"10":3,"11":1,"12":2,"13":2,"14":2,"15":2,"16":2,"17":1,"18":1,"19":1,"20":1,"21":1,"22":1,"23":1,"24":1,"25":1,"26":1,"27":0,"28":1,"29":1,"30":1,"31":0},"f":{"0":1,"1":5,"2":2,"3":1},"b":{"0":[1,1],"1":[0,1]},"_coverageSchema":"1a1c01bbd47fc00a2c39e90264f33305004495a9","hash":"237efc99ea73a899bd0fc2c09f397240999116ab"}
,"/home/kautsar/Documents/portfolio/Movie/Movie-API/services/user/src/db/config/connection.js": {"path":"/home/kautsar/Documents/portfolio/Movie/Movie-API/services/user/src/db/config/connection.js","statementMap":{"0":{"start":{"line":3,"column":0},"end":{"line":3,"column":15}},"1":{"start":{"line":4,"column":19},"end":{"line":4,"column":22}},"2":{"start":{"line":6,"column":15},"end":{"line":12,"column":1}},"3":{"start":{"line":14,"column":15},"end":{"line":14,"column":33}},"4":{"start":{"line":16,"column":0},"end":{"line":16,"column":16}}},"fnMap":{},"branchMap":{},"s":{"0":1,"1":1,"2":1,"3":1,"4":1},"f":{},"b":{},"_coverageSchema":"1a1c01bbd47fc00a2c39e90264f33305004495a9","hash":"d00ac661b841098b884814d46363e6f7e9e85197"}
,"/home/kautsar/Documents/portfolio/Movie/Movie-API/services/user/src/db/migration/migrate.js": {"path":"/home/kautsar/Documents/portfolio/Movie/Movie-API/services/user/src/db/migration/migrate.js","statementMap":{"0":{"start":{"line":3,"column":16},"end":{"line":33,"column":1}},"1":{"start":{"line":4,"column":23},"end":{"line":14,"column":5}},"2":{"start":{"line":16,"column":23},"end":{"line":25,"column":5}},"3":{"start":{"line":26,"column":4},"end":{"line":32,"column":5}},"4":{"start":{"line":27,"column":8},"end":{"line":27,"column":28}},"5":{"start":{"line":28,"column":8},"end":{"line":28,"column":28}},"6":{"start":{"line":29,"column":8},"end":{"line":29,"column":30}},"7":{"start":{"line":31,"column":8},"end":{"line":31,"column":24}}},"fnMap":{"0":{"name":"(anonymous_0)","decl":{"start":{"line":3,"column":16},"end":{"line":3,"column":17}},"loc":{"start":{"line":3,"column":22},"end":{"line":33,"column":1}},"line":3}},"branchMap":{},"s":{"0":1,"1":1,"2":1,"3":1,"4":1,"5":1,"6":1,"7":0},"f":{"0":1},"b":{},"_coverageSchema":"1a1c01bbd47fc00a2c39e90264f33305004495a9","hash":"01f1947f4eafa845d1d85c10b27f342e55f6c578"}
,"/home/kautsar/Documents/portfolio/Movie/Movie-API/services/user/src/db/model/index.js": {"path":"/home/kautsar/Documents/portfolio/Movie/Movie-API/services/user/src/db/model/index.js","statementMap":{},"fnMap":{},"branchMap":{},"s":{},"f":{},"b":{},"_coverageSchema":"1a1c01bbd47fc00a2c39e90264f33305004495a9","hash":"e6dd550ad5955bf0952cfc0f4fd5e5b813240020"}
,"/home/kautsar/Documents/portfolio/Movie/Movie-API/services/user/src/db/model/login.js": {"path":"/home/kautsar/Documents/portfolio/Movie/Movie-API/services/user/src/db/model/login.js","statementMap":{"0":{"start":{"line":5,"column":27},"end":{"line":5,"column":37}},"1":{"start":{"line":6,"column":24},"end":{"line":10,"column":9}},"2":{"start":{"line":11,"column":8},"end":{"line":16,"column":9}},"3":{"start":{"line":12,"column":25},"end":{"line":12,"column":72}},"4":{"start":{"line":13,"column":12},"end":{"line":13,"column":31}},"5":{"start":{"line":15,"column":12},"end":{"line":15,"column":21}},"6":{"start":{"line":20,"column":24},"end":{"line":25,"column":9}},"7":{"start":{"line":26,"column":8},"end":{"line":34,"column":9}},"8":{"start":{"line":27,"column":25},"end":{"line":27,"column":48}},"9":{"start":{"line":28,"column":12},"end":{"line":28,"column":28}},"10":{"start":{"line":30,"column":12},"end":{"line":33,"column":13}},"11":{"start":{"line":38,"column":24},"end":{"line":42,"column":9}},"12":{"start":{"line":43,"column":8},"end":{"line":51,"column":9}},"13":{"start":{"line":44,"column":25},"end":{"line":44,"column":48}},"14":{"start":{"line":45,"column":12},"end":{"line":45,"column":31}},"15":{"start":{"line":47,"column":12},"end":{"line":50,"column":13}},"16":{"start":{"line":55,"column":24},"end":{"line":58,"column":9}},"17":{"start":{"line":59,"column":8},"end":{"line":66,"column":9}},"18":{"start":{"line":60,"column":12},"end":{"line":60,"column":35}},"19":{"start":{"line":62,"column":12},"end":{"line":65,"column":13}}},"fnMap":{"0":{"name":"(anonymous_0)","decl":{"start":{"line":4,"column":4},"end":{"line":4,"column":5}},"loc":{"start":{"line":4,"column":33},"end":{"line":17,"column":5}},"line":4},"1":{"name":"(anonymous_1)","decl":{"start":{"line":19,"column":4},"end":{"line":19,"column":5}},"loc":{"start":{"line":19,"column":26},"end":{"line":35,"column":5}},"line":19},"2":{"name":"(anonymous_2)","decl":{"start":{"line":37,"column":4},"end":{"line":37,"column":5}},"loc":{"start":{"line":37,"column":29},"end":{"line":52,"column":5}},"line":37},"3":{"name":"(anonymous_3)","decl":{"start":{"line":54,"column":4},"end":{"line":54,"column":5}},"loc":{"start":{"line":54,"column":33},"end":{"line":67,"column":5}},"line":54}},"branchMap":{},"s":{"0":1,"1":1,"2":1,"3":1,"4":1,"5":0,"6":0,"7":0,"8":0,"9":0,"10":0,"11":1,"12":1,"13":1,"14":1,"15":0,"16":1,"17":1,"18":1,"19":0},"f":{"0":1,"1":0,"2":1,"3":1},"b":{},"_coverageSchema":"1a1c01bbd47fc00a2c39e90264f33305004495a9","hash":"e701289cfae49707d2995303199f89249a322ffe"}
,"/home/kautsar/Documents/portfolio/Movie/Movie-API/services/user/src/db/model/user.js": {"path":"/home/kautsar/Documents/portfolio/Movie/Movie-API/services/user/src/db/model/user.js","statementMap":{"0":{"start":{"line":7,"column":24},"end":{"line":10,"column":9}},"1":{"start":{"line":11,"column":8},"end":{"line":16,"column":9}},"2":{"start":{"line":12,"column":25},"end":{"line":12,"column":48}},"3":{"start":{"line":13,"column":12},"end":{"line":13,"column":23}},"4":{"start":{"line":15,"column":12},"end":{"line":15,"column":21}},"5":{"start":{"line":20,"column":24},"end":{"line":23,"column":30}},"6":{"start":{"line":24,"column":8},"end":{"line":33,"column":9}},"7":{"start":{"line":25,"column":25},"end":{"line":25,"column":48}},"8":{"start":{"line":26,"column":12},"end":{"line":30,"column":13}},"9":{"start":{"line":27,"column":16},"end":{"line":27,"column":28}},"10":{"start":{"line":29,"column":16},"end":{"line":29,"column":27}},"11":{"start":{"line":32,"column":12},"end":{"line":32,"column":21}},"12":{"start":{"line":44,"column":12},"end":{"line":44,"column":19}},"13":{"start":{"line":46,"column":8},"end":{"line":67,"column":9}},"14":{"start":{"line":47,"column":30},"end":{"line":47,"column":44}},"15":{"start":{"line":48,"column":31},"end":{"line":48,"column":48}},"16":{"start":{"line":49,"column":31},"end":{"line":49,"column":53}},"17":{"start":{"line":50,"column":31},"end":{"line":50,"column":41}},"18":{"start":{"line":52,"column":28},"end":{"line":56,"column":13}},"19":{"start":{"line":58,"column":25},"end":{"line":60,"column":13}},"20":{"start":{"line":62,"column":12},"end":{"line":62,"column":31}},"21":{"start":{"line":65,"column":26},"end":{"line":65,"column":45}},"22":{"start":{"line":66,"column":12},"end":{"line":66,"column":23}},"23":{"start":{"line":72,"column":8},"end":{"line":85,"column":9}},"24":{"start":{"line":73,"column":28},"end":{"line":78,"column":9}},"25":{"start":{"line":79,"column":12},"end":{"line":84,"column":13}},"26":{"start":{"line":80,"column":39},"end":{"line":80,"column":62}},"27":{"start":{"line":81,"column":16},"end":{"line":81,"column":45}},"28":{"start":{"line":83,"column":16},"end":{"line":83,"column":25}},"29":{"start":{"line":89,"column":24},"end":{"line":92,"column":9}},"30":{"start":{"line":93,"column":8},"end":{"line":97,"column":9}},"31":{"start":{"line":94,"column":12},"end":{"line":94,"column":35}},"32":{"start":{"line":96,"column":12},"end":{"line":96,"column":21}},"33":{"start":{"line":101,"column":24},"end":{"line":105,"column":9}},"34":{"start":{"line":106,"column":8},"end":{"line":111,"column":9}},"35":{"start":{"line":107,"column":26},"end":{"line":107,"column":49}},"36":{"start":{"line":108,"column":12},"end":{"line":108,"column":63}},"37":{"start":{"line":110,"column":12},"end":{"line":110,"column":21}}},"fnMap":{"0":{"name":"(anonymous_0)","decl":{"start":{"line":6,"column":4},"end":{"line":6,"column":5}},"loc":{"start":{"line":6,"column":27},"end":{"line":17,"column":5}},"line":6},"1":{"name":"(anonymous_1)","decl":{"start":{"line":19,"column":4},"end":{"line":19,"column":5}},"loc":{"start":{"line":19,"column":30},"end":{"line":34,"column":5}},"line":19},"2":{"name":"(anonymous_2)","decl":{"start":{"line":36,"column":4},"end":{"line":36,"column":5}},"loc":{"start":{"line":36,"column":37},"end":{"line":69,"column":5}},"line":36},"3":{"name":"(anonymous_3)","decl":{"start":{"line":71,"column":4},"end":{"line":71,"column":5}},"loc":{"start":{"line":71,"column":43},"end":{"line":86,"column":5}},"line":71},"4":{"name":"(anonymous_4)","decl":{"start":{"line":88,"column":4},"end":{"line":88,"column":5}},"loc":{"start":{"line":88,"column":29},"end":{"line":98,"column":5}},"line":88},"5":{"name":"(anonymous_5)","decl":{"start":{"line":100,"column":4},"end":{"line":100,"column":5}},"loc":{"start":{"line":100,"column":39},"end":{"line":112,"column":5}},"line":100}},"branchMap":{"0":{"loc":{"start":{"line":26,"column":12},"end":{"line":30,"column":13}},"type":"if","locations":[{"start":{"line":26,"column":12},"end":{"line":30,"column":13}},{"start":{"line":28,"column":19},"end":{"line":30,"column":13}}],"line":26},"1":{"loc":{"start":{"line":72,"column":8},"end":{"line":85,"column":9}},"type":"if","locations":[{"start":{"line":72,"column":8},"end":{"line":85,"column":9}},{"start":{},"end":{}}],"line":72},"2":{"loc":{"start":{"line":108,"column":19},"end":{"line":108,"column":63}},"type":"cond-expr","locations":[{"start":{"line":108,"column":45},"end":{"line":108,"column":50}},{"start":{"line":108,"column":53},"end":{"line":108,"column":63}}],"line":108}},"s":{"0":1,"1":1,"2":1,"3":1,"4":0,"5":3,"6":3,"7":3,"8":3,"9":1,"10":2,"11":0,"12":5,"13":5,"14":5,"15":4,"16":4,"17":3,"18":3,"19":3,"20":2,"21":3,"22":0,"23":1,"24":1,"25":1,"26":1,"27":1,"28":0,"29":1,"30":1,"31":1,"32":0,"33":3,"34":3,"35":3,"36":3,"37":0},"f":{"0":1,"1":3,"2":5,"3":1,"4":1,"5":3},"b":{"0":[1,2],"1":[1,0],"2":[2,1]},"_coverageSchema":"1a1c01bbd47fc00a2c39e90264f33305004495a9","hash":"87a6d84d0dca8984dc50453c5d9621402c154c0c"}
,"/home/kautsar/Documents/portfolio/Movie/Movie-API/services/user/src/db/model/validation/validation.js": {"path":"/home/kautsar/Documents/portfolio/Movie/Movie-API/services/user/src/db/model/validation/validation.js","statementMap":{"0":{"start":{"line":1,"column":16},"end":{"line":12,"column":1}},"1":{"start":{"line":2,"column":15},"end":{"line":2,"column":168}},"2":{"start":{"line":3,"column":22},"end":{"line":3,"column":58}},"3":{"start":{"line":4,"column":4},"end":{"line":11,"column":5}},"4":{"start":{"line":5,"column":8},"end":{"line":5,"column":20}},"5":{"start":{"line":7,"column":8},"end":{"line":10,"column":9}},"6":{"start":{"line":14,"column":23},"end":{"line":23,"column":1}},"7":{"start":{"line":15,"column":4},"end":{"line":22,"column":5}},"8":{"start":{"line":16,"column":8},"end":{"line":16,"column":22}},"9":{"start":{"line":18,"column":8},"end":{"line":21,"column":9}},"10":{"start":{"line":25,"column":23},"end":{"line":46,"column":1}},"11":{"start":{"line":26,"column":23},"end":{"line":26,"column":25}},"12":{"start":{"line":27,"column":4},"end":{"line":40,"column":5}},"13":{"start":{"line":29,"column":12},"end":{"line":29,"column":53}},"14":{"start":{"line":30,"column":12},"end":{"line":30,"column":18}},"15":{"start":{"line":32,"column":12},"end":{"line":32,"column":42}},"16":{"start":{"line":33,"column":12},"end":{"line":33,"column":18}},"17":{"start":{"line":35,"column":12},"end":{"line":35,"column":42}},"18":{"start":{"line":36,"column":12},"end":{"line":36,"column":18}},"19":{"start":{"line":38,"column":12},"end":{"line":38,"column":18}},"20":{"start":{"line":41,"column":23},"end":{"line":44,"column":5}},"21":{"start":{"line":45,"column":4},"end":{"line":45,"column":20}}},"fnMap":{"0":{"name":"(anonymous_0)","decl":{"start":{"line":1,"column":16},"end":{"line":1,"column":17}},"loc":{"start":{"line":1,"column":27},"end":{"line":12,"column":1}},"line":1},"1":{"name":"(anonymous_1)","decl":{"start":{"line":14,"column":23},"end":{"line":14,"column":24}},"loc":{"start":{"line":14,"column":36},"end":{"line":23,"column":1}},"line":14},"2":{"name":"(anonymous_2)","decl":{"start":{"line":25,"column":23},"end":{"line":25,"column":24}},"loc":{"start":{"line":25,"column":32},"end":{"line":46,"column":1}},"line":25}},"branchMap":{"0":{"loc":{"start":{"line":4,"column":4},"end":{"line":11,"column":5}},"type":"if","locations":[{"start":{"line":4,"column":4},"end":{"line":11,"column":5}},{"start":{"line":6,"column":11},"end":{"line":11,"column":5}}],"line":4},"1":{"loc":{"start":{"line":15,"column":4},"end":{"line":22,"column":5}},"type":"if","locations":[{"start":{"line":15,"column":4},"end":{"line":22,"column":5}},{"start":{"line":17,"column":9},"end":{"line":22,"column":5}}],"line":15},"2":{"loc":{"start":{"line":27,"column":4},"end":{"line":40,"column":5}},"type":"switch","locations":[{"start":{"line":28,"column":8},"end":{"line":30,"column":18}},{"start":{"line":31,"column":8},"end":{"line":33,"column":18}},{"start":{"line":34,"column":8},"end":{"line":36,"column":18}},{"start":{"line":37,"column":8},"end":{"line":38,"column":18}}],"line":27}},"s":{"0":1,"1":5,"2":5,"3":5,"4":4,"5":1,"6":1,"7":4,"8":3,"9":1,"10":1,"11":3,"12":3,"13":1,"14":1,"15":1,"16":1,"17":1,"18":1,"19":0,"20":3,"21":3},"f":{"0":5,"1":4,"2":3},"b":{"0":[4,1],"1":[3,1],"2":[1,1,1,0]},"_coverageSchema":"1a1c01bbd47fc00a2c39e90264f33305004495a9","hash":"3d1f252e77494b478d63f215e33e7dc334ec1a1d"}
,"/home/kautsar/Documents/portfolio/Movie/Movie-API/services/user/src/helpers/bcrypt.js": {"path":"/home/kautsar/Documents/portfolio/Movie/Movie-API/services/user/src/helpers/bcrypt.js","statementMap":{"0":{"start":{"line":3,"column":13},"end":{"line":3,"column":29}},"1":{"start":{"line":5,"column":17},"end":{"line":7,"column":1}},"2":{"start":{"line":6,"column":4},"end":{"line":6,"column":45}},"3":{"start":{"line":9,"column":20},"end":{"line":11,"column":1}},"4":{"start":{"line":10,"column":4},"end":{"line":10,"column":39}}},"fnMap":{"0":{"name":"(anonymous_0)","decl":{"start":{"line":5,"column":17},"end":{"line":5,"column":18}},"loc":{"start":{"line":5,"column":27},"end":{"line":7,"column":1}},"line":5},"1":{"name":"(anonymous_1)","decl":{"start":{"line":9,"column":20},"end":{"line":9,"column":21}},"loc":{"start":{"line":9,"column":35},"end":{"line":11,"column":1}},"line":9}},"branchMap":{},"s":{"0":1,"1":1,"2":4,"3":1,"4":1},"f":{"0":4,"1":1},"b":{},"_coverageSchema":"1a1c01bbd47fc00a2c39e90264f33305004495a9","hash":"3324879362306902e2aa2b97ea573065159aad67"}
,"/home/kautsar/Documents/portfolio/Movie/Movie-API/services/user/src/helpers/jsonwebtoken.js": {"path":"/home/kautsar/Documents/portfolio/Movie/Movie-API/services/user/src/helpers/jsonwebtoken.js","statementMap":{"0":{"start":{"line":2,"column":19},"end":{"line":2,"column":40}},"1":{"start":{"line":4,"column":16},"end":{"line":12,"column":1}},"2":{"start":{"line":5,"column":17},"end":{"line":10,"column":5}},"3":{"start":{"line":11,"column":4},"end":{"line":11,"column":36}},"4":{"start":{"line":14,"column":18},"end":{"line":16,"column":1}},"5":{"start":{"line":15,"column":4},"end":{"line":15,"column":41}}},"fnMap":{"0":{"name":"(anonymous_0)","decl":{"start":{"line":4,"column":16},"end":{"line":4,"column":17}},"loc":{"start":{"line":4,"column":29},"end":{"line":12,"column":1}},"line":4},"1":{"name":"(anonymous_1)","decl":{"start":{"line":14,"column":18},"end":{"line":14,"column":19}},"loc":{"start":{"line":14,"column":31},"end":{"line":16,"column":1}},"line":14}},"branchMap":{},"s":{"0":1,"1":1,"2":1,"3":1,"4":1,"5":0},"f":{"0":1,"1":0},"b":{},"_coverageSchema":"1a1c01bbd47fc00a2c39e90264f33305004495a9","hash":"64cc38076e83fa2a42377e402053911da6d43a46"}
,"/home/kautsar/Documents/portfolio/Movie/Movie-API/services/user/src/helpers/nodemailer.js": {"path":"/home/kautsar/Documents/portfolio/Movie/Movie-API/services/user/src/helpers/nodemailer.js","statementMap":{"0":{"start":{"line":3,"column":17},"end":{"line":32,"column":1}},"1":{"start":{"line":4,"column":28},"end":{"line":10,"column":6}},"2":{"start":{"line":12,"column":20},"end":{"line":17,"column":5}},"3":{"start":{"line":19,"column":4},"end":{"line":31,"column":5}},"4":{"start":{"line":21,"column":12},"end":{"line":29,"column":13}},"5":{"start":{"line":22,"column":16},"end":{"line":25,"column":17}},"6":{"start":{"line":28,"column":16},"end":{"line":28,"column":53}}},"fnMap":{"0":{"name":"(anonymous_0)","decl":{"start":{"line":3,"column":17},"end":{"line":3,"column":18}},"loc":{"start":{"line":3,"column":28},"end":{"line":32,"column":1}},"line":3},"1":{"name":"(anonymous_1)","decl":{"start":{"line":20,"column":10},"end":{"line":20,"column":11}},"loc":{"start":{"line":20,"column":33},"end":{"line":30,"column":9}},"line":20}},"branchMap":{"0":{"loc":{"start":{"line":21,"column":12},"end":{"line":29,"column":13}},"type":"if","locations":[{"start":{"line":21,"column":12},"end":{"line":29,"column":13}},{"start":{"line":27,"column":17},"end":{"line":29,"column":13}}],"line":21}},"s":{"0":1,"1":0,"2":0,"3":0,"4":0,"5":0,"6":0},"f":{"0":0,"1":0},"b":{"0":[0,0]},"_coverageSchema":"1a1c01bbd47fc00a2c39e90264f33305004495a9","hash":"b67182a1b9e91cc6c3efaaab4befc685e0222fa9"}
,"/home/kautsar/Documents/portfolio/Movie/Movie-API/services/user/src/middlewares/midtrans.js": {"path":"/home/kautsar/Documents/portfolio/Movie/Movie-API/services/user/src/middlewares/midtrans.js","statementMap":{"0":{"start":{"line":2,"column":16},"end":{"line":38,"column":1}},"1":{"start":{"line":3,"column":22},"end":{"line":3,"column":30}},"2":{"start":{"line":4,"column":4},"end":{"line":9,"column":5}},"3":{"start":{"line":5,"column":8},"end":{"line":8,"column":10}},"4":{"start":{"line":10,"column":15},"end":{"line":13,"column":6}},"5":{"start":{"line":16,"column":20},"end":{"line":25,"column":5}},"6":{"start":{"line":26,"column":4},"end":{"line":37,"column":11}},"7":{"start":{"line":28,"column":12},"end":{"line":28,"column":33}},"8":{"start":{"line":29,"column":12},"end":{"line":29,"column":18}},"9":{"start":{"line":32,"column":12},"end":{"line":32,"column":26}},"10":{"start":{"line":33,"column":12},"end":{"line":36,"column":14}}},"fnMap":{"0":{"name":"(anonymous_0)","decl":{"start":{"line":2,"column":16},"end":{"line":2,"column":17}},"loc":{"start":{"line":2,"column":36},"end":{"line":38,"column":1}},"line":2},"1":{"name":"(anonymous_1)","decl":{"start":{"line":27,"column":14},"end":{"line":27,"column":15}},"loc":{"start":{"line":27,"column":20},"end":{"line":30,"column":9}},"line":27},"2":{"name":"(anonymous_2)","decl":{"start":{"line":31,"column":15},"end":{"line":31,"column":16}},"loc":{"start":{"line":31,"column":22},"end":{"line":37,"column":9}},"line":31}},"branchMap":{"0":{"loc":{"start":{"line":4,"column":4},"end":{"line":9,"column":5}},"type":"if","locations":[{"start":{"line":4,"column":4},"end":{"line":9,"column":5}},{"start":{},"end":{}}],"line":4}},"s":{"0":1,"1":3,"2":3,"3":1,"4":3,"5":3,"6":3,"7":2,"8":2,"9":0,"10":0},"f":{"0":3,"1":2,"2":0},"b":{"0":[1,2]},"_coverageSchema":"1a1c01bbd47fc00a2c39e90264f33305004495a9","hash":"4e595aa2cc2b4172b4a1c889fdd97eda0dec5b5d"}
,"/home/kautsar/Documents/portfolio/Movie/Movie-API/services/user/src/middlewares/userErrorHeadler.js": {"path":"/home/kautsar/Documents/portfolio/Movie/Movie-API/services/user/src/middlewares/userErrorHeadler.js","statementMap":{"0":{"start":{"line":1,"column":25},"end":{"line":37,"column":1}},"1":{"start":{"line":2,"column":4},"end":{"line":36,"column":5}},"2":{"start":{"line":6,"column":12},"end":{"line":6,"column":50}},"3":{"start":{"line":7,"column":12},"end":{"line":7,"column":18}},"4":{"start":{"line":10,"column":12},"end":{"line":10,"column":45}},"5":{"start":{"line":11,"column":12},"end":{"line":11,"column":18}},"6":{"start":{"line":14,"column":12},"end":{"line":14,"column":45}},"7":{"start":{"line":15,"column":12},"end":{"line":15,"column":18}},"8":{"start":{"line":17,"column":12},"end":{"line":17,"column":45}},"9":{"start":{"line":18,"column":12},"end":{"line":18,"column":18}},"10":{"start":{"line":21,"column":12},"end":{"line":21,"column":45}},"11":{"start":{"line":22,"column":12},"end":{"line":22,"column":18}},"12":{"start":{"line":25,"column":12},"end":{"line":25,"column":45}},"13":{"start":{"line":26,"column":12},"end":{"line":26,"column":18}},"14":{"start":{"line":29,"column":12},"end":{"line":29,"column":45}},"15":{"start":{"line":30,"column":12},"end":{"line":30,"column":18}},"16":{"start":{"line":32,"column":12},"end":{"line":32,"column":48}},"17":{"start":{"line":33,"column":12},"end":{"line":33,"column":17}},"18":{"start":{"line":35,"column":12},"end":{"line":35,"column":18}}},"fnMap":{"0":{"name":"(anonymous_0)","decl":{"start":{"line":1,"column":25},"end":{"line":1,"column":26}},"loc":{"start":{"line":1,"column":50},"end":{"line":37,"column":1}},"line":1}},"branchMap":{"0":{"loc":{"start":{"line":2,"column":4},"end":{"line":36,"column":5}},"type":"switch","locations":[{"start":{"line":3,"column":8},"end":{"line":7,"column":18}},{"start":{"line":8,"column":8},"end":{"line":11,"column":18}},{"start":{"line":12,"column":8},"end":{"line":15,"column":18}},{"start":{"line":16,"column":8},"end":{"line":18,"column":18}},{"start":{"line":19,"column":8},"end":{"line":22,"column":18}},{"start":{"line":23,"column":8},"end":{"line":26,"column":18}},{"start":{"line":27,"column":8},"end":{"line":30,"column":18}},{"start":{"line":31,"column":8},"end":{"line":33,"column":17}},{"start":{"line":34,"column":8},"end":{"line":35,"column":18}}],"line":2}},"s":{"0":1,"1":7,"2":3,"3":3,"4":1,"5":1,"6":0,"7":0,"8":1,"9":1,"10":0,"11":0,"12":2,"13":2,"14":0,"15":0,"16":0,"17":0,"18":0},"f":{"0":7},"b":{"0":[3,1,0,1,0,2,0,0,0]},"_coverageSchema":"1a1c01bbd47fc00a2c39e90264f33305004495a9","hash":"8bb1e5c7bf103d2141516cba7d47c43859efedc9"}
,"/home/kautsar/Documents/portfolio/Movie/Movie-API/services/user/src/routes/index.js": {"path":"/home/kautsar/Documents/portfolio/Movie/Movie-API/services/user/src/routes/index.js","statementMap":{"0":{"start":{"line":5,"column":22},"end":{"line":5,"column":38}},"1":{"start":{"line":7,"column":0},"end":{"line":7,"column":31}},"2":{"start":{"line":8,"column":0},"end":{"line":8,"column":32}},"3":{"start":{"line":9,"column":0},"end":{"line":9,"column":28}}},"fnMap":{},"branchMap":{},"s":{"0":1,"1":1,"2":1,"3":1},"f":{},"b":{},"_coverageSchema":"1a1c01bbd47fc00a2c39e90264f33305004495a9","hash":"9384bc9941e5ad004f9fe12aa9ebb2484285e6c3"}
,"/home/kautsar/Documents/portfolio/Movie/Movie-API/services/user/src/routes/login.js": {"path":"/home/kautsar/Documents/portfolio/Movie/Movie-API/services/user/src/routes/login.js","statementMap":{"0":{"start":{"line":8,"column":27},"end":{"line":8,"column":43}},"1":{"start":{"line":10,"column":0},"end":{"line":10,"column":27}},"2":{"start":{"line":11,"column":0},"end":{"line":11,"column":38}},"3":{"start":{"line":12,"column":0},"end":{"line":12,"column":33}}},"fnMap":{},"branchMap":{},"s":{"0":1,"1":1,"2":1,"3":1},"f":{},"b":{},"_coverageSchema":"1a1c01bbd47fc00a2c39e90264f33305004495a9","hash":"d08d46666309cfa10dd2a3e0d414b65bd6fc441c"}
,"/home/kautsar/Documents/portfolio/Movie/Movie-API/services/user/src/routes/user.js": {"path":"/home/kautsar/Documents/portfolio/Movie/Movie-API/services/user/src/routes/user.js","statementMap":{"0":{"start":{"line":9,"column":26},"end":{"line":9,"column":42}},"1":{"start":{"line":11,"column":0},"end":{"line":11,"column":31}},"2":{"start":{"line":12,"column":0},"end":{"line":12,"column":32}},"3":{"start":{"line":13,"column":0},"end":{"line":13,"column":45}},"4":{"start":{"line":14,"column":0},"end":{"line":14,"column":37}}},"fnMap":{},"branchMap":{},"s":{"0":1,"1":1,"2":1,"3":1,"4":1},"f":{},"b":{},"_coverageSchema":"1a1c01bbd47fc00a2c39e90264f33305004495a9","hash":"f191b2366a82c7d42f0ed5ec715dd9b05192443c"}
}
