TN:
SF:src/index.js
FNF:0
FNH:0
DA:5,2
DA:6,2
DA:8,2
DA:9,2
DA:10,2
DA:11,2
LF:6
LH:6
BRF:0
BRH:0
end_of_record
TN:
SF:src/controllers/loginController.js
FN:5,(anonymous_0)
FNF:1
FNH:1
FNDA:3,(anonymous_0)
DA:5,2
DA:6,3
DA:7,3
DA:8,3
DA:9,3
DA:10,3
DA:11,2
DA:16,1
DA:17,1
DA:18,0
DA:23,1
DA:24,1
DA:25,0
DA:27,3
DA:28,3
LF:15
LH:13
BRDA:10,0,0,2
BRDA:10,0,1,1
BRDA:17,1,0,0
BRDA:17,1,1,1
BRF:4
BRH:3
end_of_record
TN:
SF:src/controllers/userController.js
FN:4,(anonymous_0)
FN:16,(anonymous_1)
FN:27,(anonymous_2)
FN:46,(anonymous_3)
FNF:4
FNH:4
FNDA:1,(anonymous_0)
FNDA:5,(anonymous_1)
FNDA:2,(anonymous_2)
FNDA:1,(anonymous_3)
DA:4,2
DA:5,1
DA:6,1
DA:7,1
DA:9,0
DA:16,2
DA:17,5
DA:18,5
DA:19,5
DA:21,1
DA:23,4
DA:27,2
DA:28,2
DA:29,2
DA:30,2
DA:31,2
DA:32,2
DA:33,1
DA:38,1
DA:39,1
DA:40,1
DA:42,1
DA:46,2
DA:47,1
DA:48,1
DA:49,1
DA:50,1
DA:51,0
DA:56,1
DA:57,1
DA:58,1
DA:60,0
LF:32
LH:29
BRDA:32,0,0,1
BRDA:32,0,1,1
BRDA:50,1,0,0
BRDA:50,1,1,1
BRF:4
BRH:3
end_of_record
TN:
SF:src/db/config/connection.js
FNF:0
FNH:0
DA:3,2
DA:4,2
DA:6,2
DA:14,2
DA:16,2
LF:5
LH:5
BRF:0
BRH:0
end_of_record
TN:
SF:src/db/migration/migrate.js
FN:3,(anonymous_0)
FNF:1
FNH:1
FNDA:1,(anonymous_0)
DA:3,1
DA:4,1
DA:16,1
DA:26,1
DA:27,1
DA:28,1
DA:29,1
DA:31,0
LF:8
LH:7
BRF:0
BRH:0
end_of_record
TN:
SF:src/db/model/index.js
FNF:0
FNH:0
LF:0
LH:0
BRF:0
BRH:0
end_of_record
TN:
SF:src/db/model/login.js
FN:4,(anonymous_0)
FNF:1
FNH:1
FNDA:1,(anonymous_0)
DA:5,1
DA:6,1
DA:11,1
DA:12,1
DA:13,0
DA:15,1
LF:6
LH:5
BRF:0
BRH:0
end_of_record
TN:
SF:src/db/model/user.js
FN:6,(anonymous_0)
FN:19,(anonymous_1)
FN:36,(anonymous_2)
FN:71,(anonymous_3)
FN:88,(anonymous_4)
FN:100,(anonymous_5)
FNF:6
FNH:6
FNDA:1,(anonymous_0)
FNDA:3,(anonymous_1)
FNDA:5,(anonymous_2)
FNDA:1,(anonymous_3)
FNDA:1,(anonymous_4)
FNDA:3,(anonymous_5)
DA:7,1
DA:11,1
DA:12,1
DA:13,1
DA:15,0
DA:20,3
DA:24,3
DA:25,3
DA:26,3
DA:27,1
DA:29,2
DA:32,0
DA:44,5
DA:46,5
DA:47,5
DA:48,4
DA:49,4
DA:50,3
DA:52,3
DA:58,3
DA:62,1
DA:65,4
DA:66,0
DA:72,1
DA:73,1
DA:79,1
DA:80,1
DA:81,1
DA:83,0
DA:89,1
DA:93,1
DA:94,1
DA:96,0
DA:101,3
DA:106,3
DA:107,3
DA:108,3
DA:110,0
LF:38
LH:32
BRDA:26,0,0,1
BRDA:26,0,1,2
BRDA:72,1,0,1
BRDA:72,1,1,0
BRDA:108,2,0,2
BRDA:108,2,1,1
BRF:6
BRH:5
end_of_record
TN:
SF:src/db/model/validation/validation.js
FN:1,(anonymous_0)
FN:14,(anonymous_1)
FN:25,(anonymous_2)
FNF:3
FNH:3
FNDA:5,(anonymous_0)
FNDA:4,(anonymous_1)
FNDA:4,(anonymous_2)
DA:1,2
DA:2,5
DA:3,5
DA:4,5
DA:5,4
DA:7,1
DA:14,2
DA:15,4
DA:16,3
DA:18,1
DA:25,2
DA:26,4
DA:27,4
DA:29,2
DA:30,2
DA:32,1
DA:33,1
DA:35,1
DA:36,1
DA:38,0
DA:41,4
DA:45,4
LF:22
LH:21
BRDA:4,0,0,4
BRDA:4,0,1,1
BRDA:15,1,0,3
BRDA:15,1,1,1
BRDA:27,2,0,2
BRDA:27,2,1,1
BRDA:27,2,2,1
BRDA:27,2,3,0
BRF:8
BRH:7
end_of_record
TN:
SF:src/helpers/bcrypt.js
FN:5,(anonymous_0)
FN:9,(anonymous_1)
FNF:2
FNH:2
FNDA:4,(anonymous_0)
FNDA:1,(anonymous_1)
DA:3,2
DA:5,2
DA:6,4
DA:9,2
DA:10,1
LF:5
LH:5
BRF:0
BRH:0
end_of_record
TN:
SF:src/helpers/jsonwebtoken.js
FN:4,(anonymous_0)
FN:14,(anonymous_1)
FNF:2
FNH:1
FNDA:1,(anonymous_0)
FNDA:0,(anonymous_1)
DA:2,2
DA:4,2
DA:5,1
DA:11,1
DA:14,2
DA:15,0
LF:6
LH:5
BRF:0
BRH:0
end_of_record
TN:
SF:src/helpers/nodemailer.js
FN:3,(anonymous_0)
FN:20,(anonymous_1)
FNF:2
FNH:0
FNDA:0,(anonymous_0)
FNDA:0,(anonymous_1)
DA:3,2
DA:4,0
DA:12,0
DA:19,0
DA:21,0
DA:22,0
DA:25,0
LF:7
LH:1
BRDA:21,0,0,0
BRDA:21,0,1,0
BRF:2
BRH:0
end_of_record
TN:
SF:src/middlewares/midtrans.js
FN:2,(anonymous_0)
FN:27,(anonymous_1)
FN:31,(anonymous_2)
FNF:3
FNH:2
FNDA:3,(anonymous_0)
FNDA:3,(anonymous_1)
FNDA:0,(anonymous_2)
DA:2,2
DA:3,3
DA:4,3
DA:5,1
DA:10,3
DA:16,3
DA:26,3
DA:28,3
DA:29,3
DA:32,0
DA:33,0
LF:11
LH:9
BRDA:4,0,0,1
BRDA:4,0,1,2
BRF:2
BRH:2
end_of_record
TN:
SF:src/middlewares/userErrorHeadler.js
FN:1,(anonymous_0)
FNF:1
FNH:1
FNDA:9,(anonymous_0)
DA:1,2
DA:2,9
DA:4,4
DA:5,4
DA:7,1
DA:8,1
DA:10,0
DA:11,0
DA:13,1
DA:14,1
DA:16,0
DA:17,0
DA:19,2
DA:20,2
DA:22,1
LF:15
LH:11
BRDA:2,0,0,4
BRDA:2,0,1,1
BRDA:2,0,2,0
BRDA:2,0,3,1
BRDA:2,0,4,0
BRDA:2,0,5,2
BRDA:2,0,6,1
BRF:7
BRH:5
end_of_record
TN:
SF:src/routes/index.js
FNF:0
FNH:0
DA:5,2
DA:7,2
DA:8,2
DA:9,2
LF:4
LH:4
BRF:0
BRH:0
end_of_record
TN:
SF:src/routes/login.js
FNF:0
FNH:0
DA:4,2
DA:6,2
LF:2
LH:2
BRF:0
BRH:0
end_of_record
TN:
SF:src/routes/user.js
FNF:0
FNH:0
DA:9,2
DA:11,2
DA:12,2
DA:13,2
DA:14,2
LF:5
LH:5
BRF:0
BRH:0
end_of_record
