TN:
SF:src/index.js
FNF:0
FNH:0
DA:4,2
DA:5,2
DA:7,2
DA:8,2
DA:9,2
LF:5
LH:5
BRF:0
BRH:0
end_of_record
TN:
SF:src/controllers/loginController.js
FN:1,(anonymous_0)
FNF:1
FNH:1
FNDA:1,(anonymous_0)
DA:1,2
DA:2,1
LF:2
LH:2
BRF:0
BRH:0
end_of_record
TN:
SF:src/controllers/userController.js
FN:3,(anonymous_0)
FN:15,(anonymous_1)
FN:25,(anonymous_2)
FN:47,(anonymous_3)
FNF:4
FNH:4
FNDA:1,(anonymous_0)
FNDA:4,(anonymous_1)
FNDA:2,(anonymous_2)
FNDA:1,(anonymous_3)
DA:3,2
DA:4,1
DA:5,1
DA:6,1
DA:8,0
DA:15,2
DA:16,4
DA:17,4
DA:18,4
DA:19,1
DA:21,3
DA:25,2
DA:26,2
DA:27,2
DA:28,2
DA:29,2
DA:30,2
DA:31,1
DA:36,2
DA:37,1
DA:38,1
DA:40,1
DA:47,2
DA:48,1
DA:49,1
DA:50,1
DA:51,1
DA:52,0
DA:57,1
DA:58,1
DA:59,1
DA:61,0
LF:32
LH:29
BRDA:30,0,0,1
BRDA:30,0,1,1
BRDA:51,1,0,0
BRDA:51,1,1,1
BRF:4
BRH:3
end_of_record
TN:
SF:src/db/config/connection.js
FNF:0
FNH:0
DA:3,2
DA:4,2
DA:6,2
DA:14,2
DA:16,2
LF:5
LH:5
BRF:0
BRH:0
end_of_record
TN:
SF:src/db/migration/migrate.js
FN:3,(anonymous_0)
FNF:1
FNH:1
FNDA:1,(anonymous_0)
DA:3,1
DA:4,1
DA:16,1
DA:25,1
DA:26,1
DA:27,1
DA:28,1
DA:30,0
LF:8
LH:7
BRF:0
BRH:0
end_of_record
TN:
SF:src/db/model/user.js
FN:6,(anonymous_0)
FN:16,(anonymous_1)
FN:30,(anonymous_2)
FN:65,(anonymous_3)
FN:81,(anonymous_4)
FNF:5
FNH:5
FNDA:1,(anonymous_0)
FNDA:3,(anonymous_1)
FNDA:4,(anonymous_2)
FNDA:1,(anonymous_3)
FNDA:1,(anonymous_4)
DA:7,1
DA:8,1
DA:9,1
DA:10,1
DA:12,0
DA:17,3
DA:18,3
DA:19,3
DA:20,3
DA:21,1
DA:23,2
DA:26,0
DA:38,4
DA:40,4
DA:41,4
DA:42,3
DA:43,3
DA:44,2
DA:46,2
DA:52,2
DA:56,1
DA:59,3
DA:60,0
DA:66,1
DA:67,1
DA:73,1
DA:74,1
DA:75,1
DA:77,0
DA:82,1
DA:86,1
DA:87,1
DA:88,1
DA:90,0
LF:34
LH:29
BRDA:20,0,0,1
BRDA:20,0,1,2
BRF:2
BRH:2
end_of_record
TN:
SF:src/db/model/validation/validation.js
FN:1,(anonymous_0)
FN:14,(anonymous_1)
FN:25,(anonymous_2)
FNF:3
FNH:3
FNDA:4,(anonymous_0)
FNDA:4,(anonymous_1)
FNDA:3,(anonymous_2)
DA:1,2
DA:2,4
DA:3,4
DA:4,4
DA:5,3
DA:7,1
DA:14,2
DA:15,4
DA:16,3
DA:18,1
DA:25,2
DA:26,3
DA:27,3
DA:29,1
DA:30,1
DA:32,1
DA:33,1
DA:35,1
DA:36,1
DA:38,0
DA:41,3
DA:45,3
LF:22
LH:21
BRDA:4,0,0,3
BRDA:4,0,1,1
BRDA:15,1,0,3
BRDA:15,1,1,1
BRDA:15,2,0,4
BRDA:15,2,1,2
BRDA:27,3,0,1
BRDA:27,3,1,1
BRDA:27,3,2,1
BRDA:27,3,3,0
BRF:10
BRH:9
end_of_record
TN:
SF:src/helpers/bcrypt.js
FN:7,(anonymous_0)
FN:11,(anonymous_1)
FNF:2
FNH:1
FNDA:3,(anonymous_0)
FNDA:0,(anonymous_1)
DA:3,2
DA:5,2
DA:7,2
DA:8,3
DA:11,2
DA:12,0
LF:6
LH:5
BRF:0
BRH:0
end_of_record
TN:
SF:src/middlewares/userErrorHeadler.js
FN:1,(anonymous_0)
FNF:1
FNH:1
FNDA:4,(anonymous_0)
DA:1,2
DA:2,4
DA:4,3
DA:5,3
DA:7,1
DA:8,1
DA:10,0
DA:11,0
DA:13,0
LF:9
LH:6
BRDA:2,0,0,3
BRDA:2,0,1,1
BRDA:2,0,2,0
BRDA:2,0,3,0
BRF:4
BRH:2
end_of_record
TN:
SF:src/routes/index.js
FNF:0
FNH:0
DA:5,2
DA:7,2
DA:8,2
DA:9,2
LF:4
LH:4
BRF:0
BRH:0
end_of_record
TN:
SF:src/routes/login.js
FNF:0
FNH:0
DA:4,2
DA:6,2
LF:2
LH:2
BRF:0
BRH:0
end_of_record
TN:
SF:src/routes/user.js
FNF:0
FNH:0
DA:8,2
DA:10,2
DA:11,2
DA:12,2
DA:13,2
LF:5
LH:5
BRF:0
BRH:0
end_of_record
